<?xml version="1.0" encoding="UTF-8"?>
<testsuite xmlns:xsi="http://www.w3.org/2001/XMLSchema-instance" xsi:noNamespaceSchemaLocation="https://maven.apache.org/surefire/maven-surefire-plugin/xsd/surefire-test-report.xsd" name="TestingProject.COEN6761.MainTest" time="0.158" tests="16" errors="0" skipped="0" failures="0">
  <properties>
    <property name="java.specification.version" value="23"/>
    <property name="sun.cpu.isalist" value="amd64"/>
    <property name="sun.jnu.encoding" value="Cp1252"/>
    <property name="java.class.path" value="C:\Users\tanis\eclipse-workspace\Coverage\COEN6761\target\test-classes;C:\Users\tanis\eclipse-workspace\Coverage\COEN6761\target\classes;C:\Users\tanis\.m2\repository\org\junit\jupiter\junit-jupiter-api\5.9.3\junit-jupiter-api-5.9.3.jar;C:\Users\tanis\.m2\repository\org\opentest4j\opentest4j\1.2.0\opentest4j-1.2.0.jar;C:\Users\tanis\.m2\repository\org\junit\platform\junit-platform-commons\1.9.3\junit-platform-commons-1.9.3.jar;C:\Users\tanis\.m2\repository\org\apiguardian\apiguardian-api\1.1.2\apiguardian-api-1.1.2.jar;C:\Users\tanis\.m2\repository\org\junit\jupiter\junit-jupiter-params\5.9.3\junit-jupiter-params-5.9.3.jar;C:\Users\tanis\.m2\repository\org\junit\jupiter\junit-jupiter-engine\5.9.3\junit-jupiter-engine-5.9.3.jar;C:\Users\tanis\.m2\repository\org\junit\platform\junit-platform-engine\1.9.3\junit-platform-engine-1.9.3.jar;C:\Users\tanis\.m2\repository\org\junit\platform\junit-platform-runner\1.9.3\junit-platform-runner-1.9.3.jar;C:\Users\tanis\.m2\repository\junit\junit\4.13.2\junit-4.13.2.jar;C:\Users\tanis\.m2\repository\org\hamcrest\hamcrest-core\1.3\hamcrest-core-1.3.jar;C:\Users\tanis\.m2\repository\org\junit\platform\junit-platform-launcher\1.9.3\junit-platform-launcher-1.9.3.jar;C:\Users\tanis\.m2\repository\org\junit\platform\junit-platform-suite-api\1.9.3\junit-platform-suite-api-1.9.3.jar;C:\Users\tanis\.m2\repository\org\junit\platform\junit-platform-suite-commons\1.9.3\junit-platform-suite-commons-1.9.3.jar;"/>
    <property name="java.vm.vendor" value="Oracle Corporation"/>
    <property name="sun.arch.data.model" value="64"/>
    <property name="user.variant" value=""/>
    <property name="java.vendor.url" value="https://java.oracle.com/"/>
    <property name="user.timezone" value="America/Toronto"/>
    <property name="os.name" value="Windows 11"/>
    <property name="java.vm.specification.version" value="23"/>
    <property name="sun.java.launcher" value="SUN_STANDARD"/>
    <property name="user.country" value="CA"/>
    <property name="sun.boot.library.path" value="C:\Program Files\Java\jdk-23\bin"/>
    <property name="sun.java.command" value="C:\Users\tanis\AppData\Local\Temp\surefire4535348599579490527\surefirebooter14830713267854268572.jar C:\Users\tanis\AppData\Local\Temp\surefire4535348599579490527 2025-04-07T12-47-47_271-jvmRun1 surefire16558918607044187689tmp surefire_02306971494930569490tmp"/>
    <property name="jdk.debug" value="release"/>
    <property name="surefire.test.class.path" value="C:\Users\tanis\eclipse-workspace\Coverage\COEN6761\target\test-classes;C:\Users\tanis\eclipse-workspace\Coverage\COEN6761\target\classes;C:\Users\tanis\.m2\repository\org\junit\jupiter\junit-jupiter-api\5.9.3\junit-jupiter-api-5.9.3.jar;C:\Users\tanis\.m2\repository\org\opentest4j\opentest4j\1.2.0\opentest4j-1.2.0.jar;C:\Users\tanis\.m2\repository\org\junit\platform\junit-platform-commons\1.9.3\junit-platform-commons-1.9.3.jar;C:\Users\tanis\.m2\repository\org\apiguardian\apiguardian-api\1.1.2\apiguardian-api-1.1.2.jar;C:\Users\tanis\.m2\repository\org\junit\jupiter\junit-jupiter-params\5.9.3\junit-jupiter-params-5.9.3.jar;C:\Users\tanis\.m2\repository\org\junit\jupiter\junit-jupiter-engine\5.9.3\junit-jupiter-engine-5.9.3.jar;C:\Users\tanis\.m2\repository\org\junit\platform\junit-platform-engine\1.9.3\junit-platform-engine-1.9.3.jar;C:\Users\tanis\.m2\repository\org\junit\platform\junit-platform-runner\1.9.3\junit-platform-runner-1.9.3.jar;C:\Users\tanis\.m2\repository\junit\junit\4.13.2\junit-4.13.2.jar;C:\Users\tanis\.m2\repository\org\hamcrest\hamcrest-core\1.3\hamcrest-core-1.3.jar;C:\Users\tanis\.m2\repository\org\junit\platform\junit-platform-launcher\1.9.3\junit-platform-launcher-1.9.3.jar;C:\Users\tanis\.m2\repository\org\junit\platform\junit-platform-suite-api\1.9.3\junit-platform-suite-api-1.9.3.jar;C:\Users\tanis\.m2\repository\org\junit\platform\junit-platform-suite-commons\1.9.3\junit-platform-suite-commons-1.9.3.jar;"/>
    <property name="sun.cpu.endian" value="little"/>
    <property name="user.home" value="C:\Users\tanis"/>
    <property name="user.language" value="en"/>
    <property name="java.specification.vendor" value="Oracle Corporation"/>
    <property name="java.version.date" value="2024-10-15"/>
    <property name="java.home" value="C:\Program Files\Java\jdk-23"/>
    <property name="file.separator" value="\"/>
    <property name="basedir" value="C:\Users\tanis\eclipse-workspace\Coverage\COEN6761"/>
    <property name="java.vm.compressedOopsMode" value="Zero based"/>
    <property name="line.separator" value="&#10;"/>
    <property name="java.vm.specification.vendor" value="Oracle Corporation"/>
    <property name="java.specification.name" value="Java Platform API Specification"/>
    <property name="surefire.real.class.path" value="C:\Users\tanis\AppData\Local\Temp\surefire4535348599579490527\surefirebooter14830713267854268572.jar"/>
    <property name="user.script" value=""/>
    <property name="sun.management.compiler" value="HotSpot 64-Bit Tiered Compilers"/>
    <property name="java.runtime.version" value="23.0.1+11-39"/>
    <property name="user.name" value="tanis"/>
    <property name="stdout.encoding" value="Cp1252"/>
    <property name="path.separator" value=";"/>
    <property name="os.version" value="10.0"/>
    <property name="java.runtime.name" value="Java(TM) SE Runtime Environment"/>
    <property name="file.encoding" value="UTF-8"/>
    <property name="java.vm.name" value="Java HotSpot(TM) 64-Bit Server VM"/>
    <property name="localRepository" value="C:\Users\tanis\.m2\repository"/>
    <property name="java.vendor.url.bug" value="https://bugreport.java.com/bugreport/"/>
    <property name="java.io.tmpdir" value="C:\Users\tanis\AppData\Local\Temp\"/>
    <property name="java.version" value="23.0.1"/>
    <property name="user.dir" value="C:\Users\tanis\eclipse-workspace\Coverage\COEN6761"/>
    <property name="os.arch" value="amd64"/>
    <property name="java.vm.specification.name" value="Java Virtual Machine Specification"/>
    <property name="sun.os.patch.level" value=""/>
    <property name="native.encoding" value="Cp1252"/>
    <property name="java.library.path" value="C:\Program Files\Java\jdk-23\bin;C:\WINDOWS\Sun\Java\bin;C:\WINDOWS\system32;C:\WINDOWS;C:/Users/tanis/.p2/pool/plugins/org.eclipse.justj.openjdk.hotspot.jre.full.win32.x86_64_23.0.1.v20241024-1700/jre/bin/server;C:/Users/tanis/.p2/pool/plugins/org.eclipse.justj.openjdk.hotspot.jre.full.win32.x86_64_23.0.1.v20241024-1700/jre/bin;C:\windows\system32;C:\windows;C:\windows\System32\Wbem;C:\windows\System32\WindowsPowerShell\v1.0\;C:\windows\System32\OpenSSH\;C:\Program Files (x86)\NVIDIA Corporation\PhysX\Common;C:\Program Files\NVIDIA Corporation\NVIDIA NvDLISR;C:\Users\Administrator\AppData\Local\Microsoft\WindowsApps;C:\Program Files\HP\OMEN-Broadcast\Common;C:\Program Files\HP\HP One Agent;C:\WINDOWS\system32;C:\WINDOWS;C:\WINDOWS\System32\Wbem;C:\WINDOWS\System32\WindowsPowerShell\v1.0\;C:\WINDOWS\System32\OpenSSH\;C:\Users\tanis\Downloads\apache-maven-3.9.9-bin\apache-maven-3.9.9\bin;%JAVA_HOME%\bin;C:\Users\tanis\Downloads\curl-win64-latest\curl-8.12.0_1-win64-mingw\bin;C:\Program Files\nodejs\;C:\Program Files\Go\bin;C:\Program Files\dotnet\;C:\Program Files\Git\cmd;C:\Program Files\Docker\Docker\resources\bin;C:\Users\tanis\AppData\Local\Programs\Python\Python313\Scripts\;C:\Users\tanis\AppData\Local\Programs\Python\Python313\;C:\Users\tanis\AppData\Local\Programs\Python\Launcher\;C:\Users\tanis\AppData\Local\Microsoft\WindowsApps;C:\Users\tanis\AppData\Roaming\npm;C:\Users\tanis\go\bin;C:\Users\tanis\.dotnet\tools;C:\Users\tanis\AppData\Local\Programs\Microsoft VS Code\bin;C:\Users\tanis\AppData\Local\Programs\;C:\WINDOWS\System32;;."/>
    <property name="java.vm.info" value="mixed mode, sharing"/>
    <property name="stderr.encoding" value="Cp1252"/>
    <property name="java.vendor" value="Oracle Corporation"/>
    <property name="java.vm.version" value="23.0.1+11-39"/>
    <property name="sun.io.unicode.encoding" value="UnicodeLittle"/>
    <property name="java.class.version" value="67.0"/>
  </properties>
  <testcase name="testValidMoveCommand" classname="TestingProject.COEN6761.MainTest" time="0.092"/>
  <testcase name="testValidPrintStatusCommand" classname="TestingProject.COEN6761.MainTest" time="0.009"/>
  <testcase name="testInvalidMoveCommand" classname="TestingProject.COEN6761.MainTest" time="0.001"/>
  <testcase name="testPenUpDownMultipleTimes" classname="TestingProject.COEN6761.MainTest" time="0.001"/>
  <testcase name="testInvalidMoveZeroCommand" classname="TestingProject.COEN6761.MainTest" time="0.001"/>
  <testcase name="testValidInitializeCommand" classname="TestingProject.COEN6761.MainTest" time="0.001"/>
  <testcase name="testHistoryCommandWithNoHistory" classname="TestingProject.COEN6761.MainTest" time="0.001"/>
  <testcase name="testInvalidCommand" classname="TestingProject.COEN6761.MainTest" time="0.002"/>
  <testcase name="testInvalidInitializeCommand" classname="TestingProject.COEN6761.MainTest" time="0.002"/>
  <testcase name="testValidTurnLeftCommand" classname="TestingProject.COEN6761.MainTest" time="0.001"/>
  <testcase name="testValidPenDownCommand" classname="TestingProject.COEN6761.MainTest" time="0.002"/>
  <testcase name="testQuitWithoutCommands" classname="TestingProject.COEN6761.MainTest" time="0.001"/>
  <testcase name="testValidPenUpCommand" classname="TestingProject.COEN6761.MainTest" time="0.001"/>
  <testcase name="testValidPrintFloorCommand" classname="TestingProject.COEN6761.MainTest" time="0.002"/>
  <testcase name="testValidTurnRightCommand" classname="TestingProject.COEN6761.MainTest" time="0.001"/>
  <testcase name="testValidHistoryCommand" classname="TestingProject.COEN6761.MainTest" time="0.002"/>
</testsuite>